[Mon Aug 08 03:49:24.337267 2016] [:error] [pid 1049] [client 192.168.1.13:43528] PHP Notice:  Array to string conversion in /web/sites/opencart.local/www/index.php on line 2
[Mon Aug 08 04:41:27.126052 2016] [:error] [pid 1063] [client 192.168.1.13:45302] PHP Fatal error:  Uncaught exception 'Exception' with message 'Error: Table 'opencart.oc_banner_image_description' doesn't exist<br />Error No: 1146<br />DELETE FROM oc_banner_image_description WHERE language_id = '2'' in /web/sites/opencart.local/www/system/library/db/mysqli.php:40\nStack trace:\n#0 /web/sites/opencart.local/www/system/library/db.php(16): DB\\MySQLi->query('DELETE FROM oc_...', Array)\n#1 /web/sites/opencart.local/www/admin/model/localisation/language.php(222): DB->query('DELETE FROM oc_...')\n#2 [internal function]: ModelLocalisationLanguage->deleteLanguage('2')\n#3 /web/sites/opencart.local/www/system/engine/loader.php(178): call_user_func_array(Array, Array)\n#4 [internal function]: Loader->{closure}(Array, Array)\n#5 /web/sites/opencart.local/www/system/engine/proxy.php(25): call_user_func_array(Object(Closure), Array)\n#6 /web/sites/opencart.local/www/admin/controller/localisation/language.php(88): Proxy->__call('deleteLanguage', Array)\n#7 /web/sites/opencart.local/www/admin/controller/localisation/language.php(8 in /web/sites/opencart.local/www/system/library/db/mysqli.php on line 40, referer: http://opencart.local/admin/index.php?route=localisation/language&token=kfjaiFdltQXbXh9eoKyNkYirLDa4nPqz
[Mon Aug 08 04:41:30.160962 2016] [:error] [pid 1063] [client 192.168.1.13:45302] PHP Fatal error:  Uncaught exception 'Exception' with message 'Error: Table 'opencart.oc_banner_image_description' doesn't exist<br />Error No: 1146<br />DELETE FROM oc_banner_image_description WHERE language_id = '2'' in /web/sites/opencart.local/www/system/library/db/mysqli.php:40\nStack trace:\n#0 /web/sites/opencart.local/www/system/library/db.php(16): DB\\MySQLi->query('DELETE FROM oc_...', Array)\n#1 /web/sites/opencart.local/www/admin/model/localisation/language.php(222): DB->query('DELETE FROM oc_...')\n#2 [internal function]: ModelLocalisationLanguage->deleteLanguage('2')\n#3 /web/sites/opencart.local/www/system/engine/loader.php(178): call_user_func_array(Array, Array)\n#4 [internal function]: Loader->{closure}(Array, Array)\n#5 /web/sites/opencart.local/www/system/engine/proxy.php(25): call_user_func_array(Object(Closure), Array)\n#6 /web/sites/opencart.local/www/admin/controller/localisation/language.php(88): Proxy->__call('deleteLanguage', Array)\n#7 /web/sites/opencart.local/www/admin/controller/localisation/language.php(8 in /web/sites/opencart.local/www/system/library/db/mysqli.php on line 40, referer: http://opencart.local/admin/index.php?route=localisation/language&token=kfjaiFdltQXbXh9eoKyNkYirLDa4nPqz
[Mon Aug 08 04:50:39.545587 2016] [:error] [pid 3973] [client 192.168.1.13:45538] PHP Fatal error:  Uncaught exception 'Exception' with message 'Error: Table 'opencart.oc_banner_image_description' doesn't exist<br />Error No: 1146<br />DELETE FROM oc_banner_image_description WHERE language_id = '3'' in /web/sites/opencart.local/www/system/library/db/mysqli.php:40\nStack trace:\n#0 /web/sites/opencart.local/www/system/library/db.php(16): DB\\MySQLi->query('DELETE FROM oc_...', Array)\n#1 /web/sites/opencart.local/www/admin/model/localisation/language.php(222): DB->query('DELETE FROM oc_...')\n#2 [internal function]: ModelLocalisationLanguage->deleteLanguage('3')\n#3 /web/sites/opencart.local/www/system/engine/loader.php(178): call_user_func_array(Array, Array)\n#4 [internal function]: Loader->{closure}(Array, Array)\n#5 /web/sites/opencart.local/www/system/engine/proxy.php(25): call_user_func_array(Object(Closure), Array)\n#6 /web/sites/opencart.local/www/admin/controller/localisation/language.php(88): Proxy->__call('deleteLanguage', Array)\n#7 /web/sites/opencart.local/www/admin/controller/localisation/language.php(8 in /web/sites/opencart.local/www/system/library/db/mysqli.php on line 40, referer: http://opencart.local/admin/index.php?route=localisation/language&token=kfjaiFdltQXbXh9eoKyNkYirLDa4nPqz
[Mon Aug 08 04:50:42.169850 2016] [:error] [pid 3973] [client 192.168.1.13:45538] PHP Fatal error:  Uncaught exception 'Exception' with message 'Error: Table 'opencart.oc_banner_image_description' doesn't exist<br />Error No: 1146<br />DELETE FROM oc_banner_image_description WHERE language_id = '3'' in /web/sites/opencart.local/www/system/library/db/mysqli.php:40\nStack trace:\n#0 /web/sites/opencart.local/www/system/library/db.php(16): DB\\MySQLi->query('DELETE FROM oc_...', Array)\n#1 /web/sites/opencart.local/www/admin/model/localisation/language.php(222): DB->query('DELETE FROM oc_...')\n#2 [internal function]: ModelLocalisationLanguage->deleteLanguage('3')\n#3 /web/sites/opencart.local/www/system/engine/loader.php(178): call_user_func_array(Array, Array)\n#4 [internal function]: Loader->{closure}(Array, Array)\n#5 /web/sites/opencart.local/www/system/engine/proxy.php(25): call_user_func_array(Object(Closure), Array)\n#6 /web/sites/opencart.local/www/admin/controller/localisation/language.php(88): Proxy->__call('deleteLanguage', Array)\n#7 /web/sites/opencart.local/www/admin/controller/localisation/language.php(8 in /web/sites/opencart.local/www/system/library/db/mysqli.php on line 40, referer: http://opencart.local/admin/index.php?route=localisation/language&token=kfjaiFdltQXbXh9eoKyNkYirLDa4nPqz
[Sun Dec 11 16:10:28.042006 2016] [:error] [pid 756] [client 192.168.1.13:40129] PHP Parse error:  syntax error, unexpected '$data' (T_VARIABLE) in /web/sites/opencart.local/www/admin/model/catalog/product.php on line 7, referer: http://opencart.local/admin/index.php?route=catalog/product/add&token=VBGsIbXunLf2DLGdDjWbJkzNDnd30BgR
[Sun Dec 11 16:10:32.900891 2016] [:error] [pid 755] [client 192.168.1.13:40130] PHP Parse error:  syntax error, unexpected '$data' (T_VARIABLE) in /web/sites/opencart.local/www/admin/model/catalog/product.php on line 7, referer: http://opencart.local/admin/index.php?route=catalog/product&token=VBGsIbXunLf2DLGdDjWbJkzNDnd30BgR
[Sun Dec 11 16:10:34.790395 2016] [:error] [pid 971] [client 192.168.1.13:40131] PHP Parse error:  syntax error, unexpected '$data' (T_VARIABLE) in /web/sites/opencart.local/www/admin/model/catalog/product.php on line 7, referer: http://opencart.local/admin/index.php?route=common/dashboard&token=VBGsIbXunLf2DLGdDjWbJkzNDnd30BgR
[Sun Dec 11 16:10:36.388961 2016] [:error] [pid 754] [client 192.168.1.13:40132] PHP Parse error:  syntax error, unexpected '$data' (T_VARIABLE) in /web/sites/opencart.local/www/admin/model/catalog/product.php on line 7, referer: http://opencart.local/admin/index.php?route=catalog/product/add&token=VBGsIbXunLf2DLGdDjWbJkzNDnd30BgR
[Sun Dec 11 16:10:37.112068 2016] [:error] [pid 973] [client 192.168.1.13:40133] PHP Parse error:  syntax error, unexpected '$data' (T_VARIABLE) in /web/sites/opencart.local/www/admin/model/catalog/product.php on line 7, referer: http://opencart.local/admin/index.php?route=catalog/product&token=VBGsIbXunLf2DLGdDjWbJkzNDnd30BgR
[Sun Dec 11 16:10:37.663267 2016] [:error] [pid 757] [client 192.168.1.13:40134] PHP Parse error:  syntax error, unexpected '$data' (T_VARIABLE) in /web/sites/opencart.local/www/admin/model/catalog/product.php on line 7, referer: http://opencart.local/admin/index.php?route=common/dashboard&token=VBGsIbXunLf2DLGdDjWbJkzNDnd30BgR
[Sun Dec 11 16:10:38.281006 2016] [:error] [pid 866] [client 192.168.1.13:40135] PHP Parse error:  syntax error, unexpected '$data' (T_VARIABLE) in /web/sites/opencart.local/www/admin/model/catalog/product.php on line 7, referer: http://opencart.local/admin/index.php?route=common/login
[Sun Dec 11 16:10:48.527132 2016] [:error] [pid 865] [client 192.168.1.13:40139] PHP Parse error:  syntax error, unexpected '$data' (T_VARIABLE) in /web/sites/opencart.local/www/admin/model/catalog/product.php on line 7, referer: http://opencart.local/admin/index.php?route=common/login
[Sun Dec 11 16:15:38.083858 2016] [:error] [pid 865] [client 192.168.1.13:40161] PHP Parse error:  syntax error, unexpected '[', expecting identifier (T_STRING) or variable (T_VARIABLE) or '{' or '$' in /web/sites/opencart.local/www/admin/model/catalog/product.php on line 7, referer: http://opencart.local/admin/index.php?route=catalog/product/add&token=cTWY9TZxPrdl5OvsWljLRFuaLIL3kpWH
[Sun Dec 11 16:16:31.900655 2016] [:error] [pid 971] [client 192.168.1.13:40164] PHP Parse error:  syntax error, unexpected '=>' (T_DOUBLE_ARROW), expecting ',' or ')' in /web/sites/opencart.local/www/admin/model/catalog/product.php on line 7, referer: http://opencart.local/admin/index.php?route=catalog/product/add&token=cTWY9TZxPrdl5OvsWljLRFuaLIL3kpWH
[Sun Dec 11 16:16:42.198805 2016] [:error] [pid 754] [client 192.168.1.13:40165] PHP Parse error:  syntax error, unexpected '[', expecting identifier (T_STRING) or variable (T_VARIABLE) or '{' or '$' in /web/sites/opencart.local/www/admin/model/catalog/product.php on line 7, referer: http://opencart.local/admin/index.php?route=catalog/product/add&token=cTWY9TZxPrdl5OvsWljLRFuaLIL3kpWH
[Sun Dec 11 16:18:00.733869 2016] [:error] [pid 866] [client 192.168.1.13:40170] PHP Parse error:  syntax error, unexpected '=>' (T_DOUBLE_ARROW), expecting ',' or ')' in /web/sites/opencart.local/www/admin/model/catalog/product.php on line 7, referer: http://opencart.local/admin/index.php?route=catalog/product/add&token=cTWY9TZxPrdl5OvsWljLRFuaLIL3kpWH
[Sun Dec 11 17:42:43.180395 2016] [:error] [pid 1029] [client 192.168.1.13:40570] PHP Parse error:  syntax error, unexpected '\xd0\xbf\xd1\x83\xd0\xbd\xd0\xba\xd1\x82\xd0\xb0' (T_STRING), expecting ')' in /web/sites/opencart.local/www/admin/controller/common/column_left.php on line 49, referer: http://opencart.local/admin/index.php?route=common/dashboard&token=cTWY9TZxPrdl5OvsWljLRFuaLIL3kpWH
[Sun Dec 11 17:42:44.909974 2016] [:error] [pid 971] [client 192.168.1.13:40571] PHP Parse error:  syntax error, unexpected '\xd0\xbf\xd1\x83\xd0\xbd\xd0\xba\xd1\x82\xd0\xb0' (T_STRING), expecting ')' in /web/sites/opencart.local/www/admin/controller/common/column_left.php on line 49, referer: http://opencart.local/admin/index.php?route=common/dashboard&token=cTWY9TZxPrdl5OvsWljLRFuaLIL3kpWH
[Sun Dec 11 17:42:46.356109 2016] [:error] [pid 754] [client 192.168.1.13:40572] PHP Parse error:  syntax error, unexpected '\xd0\xbf\xd1\x83\xd0\xbd\xd0\xba\xd1\x82\xd0\xb0' (T_STRING), expecting ')' in /web/sites/opencart.local/www/admin/controller/common/column_left.php on line 49, referer: http://opencart.local/admin/index.php?route=common/dashboard&token=cTWY9TZxPrdl5OvsWljLRFuaLIL3kpWH
[Sun Dec 11 17:42:59.449439 2016] [:error] [pid 756] [client 192.168.1.13:40574] PHP Parse error:  syntax error, unexpected '\xd0\xbf\xd1\x83\xd0\xbd\xd0\xba\xd1\x82\xd0\xb0' (T_STRING), expecting ')' in /web/sites/opencart.local/www/admin/controller/common/column_left.php on line 49, referer: http://opencart.local/admin/index.php?route=common/dashboard&token=cTWY9TZxPrdl5OvsWljLRFuaLIL3kpWH
[Sun Dec 11 17:43:00.368708 2016] [:error] [pid 755] [client 192.168.1.13:40575] PHP Parse error:  syntax error, unexpected '\xd0\xbf\xd1\x83\xd0\xbd\xd0\xba\xd1\x82\xd0\xb0' (T_STRING), expecting ')' in /web/sites/opencart.local/www/admin/controller/common/column_left.php on line 49, referer: http://opencart.local/admin/index.php?route=common/dashboard&token=cTWY9TZxPrdl5OvsWljLRFuaLIL3kpWH
[Sun Dec 11 18:16:51.129077 2016] [:error] [pid 1343] [client 192.168.1.13:41055] PHP Fatal error:  Uncaught Error: Class 'Controllercommontest' not found in /web/sites/opencart.local/www/system/storage/modification/system/engine/action.php:43\nStack trace:\n#0 /web/sites/opencart.local/www/admin/controller/startup/router.php(26): Action->execute(Object(Registry), Array)\n#1 /web/sites/opencart.local/www/system/storage/modification/system/engine/action.php(51): ControllerStartupRouter->index()\n#2 /web/sites/opencart.local/www/system/engine/front.php(34): Action->execute(Object(Registry))\n#3 /web/sites/opencart.local/www/system/engine/front.php(29): Front->execute(Object(Action))\n#4 /web/sites/opencart.local/www/system/framework.php(103): Front->dispatch(Object(Action), Object(Action))\n#5 /web/sites/opencart.local/www/system/startup.php(124): require_once('/web/sites/open...')\n#6 /web/sites/opencart.local/www/admin/index.php(19): start('admin')\n#7 {main}\n  thrown in /web/sites/opencart.local/www/system/storage/modification/system/engine/action.php on line 43, referer: http://opencart.local/admin/index.php?route=user/user_permission&token=cTWY9TZxPrdl5OvsWljLRFuaLIL3kpWH
[Sun Dec 11 18:16:57.140819 2016] [:error] [pid 973] [client 192.168.1.13:41057] PHP Fatal error:  Uncaught Error: Class 'Controllercommontest' not found in /web/sites/opencart.local/www/system/storage/modification/system/engine/action.php:43\nStack trace:\n#0 /web/sites/opencart.local/www/admin/controller/startup/router.php(26): Action->execute(Object(Registry), Array)\n#1 /web/sites/opencart.local/www/system/storage/modification/system/engine/action.php(51): ControllerStartupRouter->index()\n#2 /web/sites/opencart.local/www/system/engine/front.php(34): Action->execute(Object(Registry))\n#3 /web/sites/opencart.local/www/system/engine/front.php(29): Front->execute(Object(Action))\n#4 /web/sites/opencart.local/www/system/framework.php(103): Front->dispatch(Object(Action), Object(Action))\n#5 /web/sites/opencart.local/www/system/startup.php(124): require_once('/web/sites/open...')\n#6 /web/sites/opencart.local/www/admin/index.php(19): start('admin')\n#7 {main}\n  thrown in /web/sites/opencart.local/www/system/storage/modification/system/engine/action.php on line 43, referer: http://opencart.local/admin/index.php?route=user/user_permission&token=cTWY9TZxPrdl5OvsWljLRFuaLIL3kpWH
[Sun Dec 11 18:23:16.313441 2016] [:error] [pid 974] [client 192.168.1.13:41065] PHP Fatal error:  Uncaught Error: Class 'Controllercommontest' not found in /web/sites/opencart.local/www/system/storage/modification/system/engine/action.php:43\nStack trace:\n#0 /web/sites/opencart.local/www/admin/controller/startup/router.php(26): Action->execute(Object(Registry), Array)\n#1 /web/sites/opencart.local/www/system/storage/modification/system/engine/action.php(51): ControllerStartupRouter->index()\n#2 /web/sites/opencart.local/www/system/engine/front.php(34): Action->execute(Object(Registry))\n#3 /web/sites/opencart.local/www/system/engine/front.php(29): Front->execute(Object(Action))\n#4 /web/sites/opencart.local/www/system/framework.php(103): Front->dispatch(Object(Action), Object(Action))\n#5 /web/sites/opencart.local/www/system/startup.php(124): require_once('/web/sites/open...')\n#6 /web/sites/opencart.local/www/admin/index.php(19): start('admin')\n#7 {main}\n  thrown in /web/sites/opencart.local/www/system/storage/modification/system/engine/action.php on line 43, referer: http://opencart.local/admin/index.php?route=common/dashboard&token=cTWY9TZxPrdl5OvsWljLRFuaLIL3kpWH
[Sun Dec 11 18:23:31.251071 2016] [:error] [pid 1375] [client 192.168.1.13:41068] PHP Fatal error:  Uncaught Error: Class 'Controllercommontest' not found in /web/sites/opencart.local/www/system/storage/modification/system/engine/action.php:43\nStack trace:\n#0 /web/sites/opencart.local/www/admin/controller/startup/router.php(26): Action->execute(Object(Registry), Array)\n#1 /web/sites/opencart.local/www/system/storage/modification/system/engine/action.php(51): ControllerStartupRouter->index()\n#2 /web/sites/opencart.local/www/system/engine/front.php(34): Action->execute(Object(Registry))\n#3 /web/sites/opencart.local/www/system/engine/front.php(29): Front->execute(Object(Action))\n#4 /web/sites/opencart.local/www/system/framework.php(103): Front->dispatch(Object(Action), Object(Action))\n#5 /web/sites/opencart.local/www/system/startup.php(124): require_once('/web/sites/open...')\n#6 /web/sites/opencart.local/www/admin/index.php(19): start('admin')\n#7 {main}\n  thrown in /web/sites/opencart.local/www/system/storage/modification/system/engine/action.php on line 43, referer: http://opencart.local/admin/index.php?route=common/dashboard&token=cTWY9TZxPrdl5OvsWljLRFuaLIL3kpWH
[Sun Dec 11 18:23:48.653765 2016] [:error] [pid 1313] [client 192.168.1.13:41076] PHP Fatal error:  Uncaught Error: Class 'Controllercommontest' not found in /web/sites/opencart.local/www/system/storage/modification/system/engine/action.php:43\nStack trace:\n#0 /web/sites/opencart.local/www/admin/controller/startup/router.php(26): Action->execute(Object(Registry), Array)\n#1 /web/sites/opencart.local/www/system/storage/modification/system/engine/action.php(51): ControllerStartupRouter->index()\n#2 /web/sites/opencart.local/www/system/engine/front.php(34): Action->execute(Object(Registry))\n#3 /web/sites/opencart.local/www/system/engine/front.php(29): Front->execute(Object(Action))\n#4 /web/sites/opencart.local/www/system/framework.php(103): Front->dispatch(Object(Action), Object(Action))\n#5 /web/sites/opencart.local/www/system/startup.php(124): require_once('/web/sites/open...')\n#6 /web/sites/opencart.local/www/admin/index.php(19): start('admin')\n#7 {main}\n  thrown in /web/sites/opencart.local/www/system/storage/modification/system/engine/action.php on line 43, referer: http://opencart.local/admin/index.php?route=common/dashboard&token=cTWY9TZxPrdl5OvsWljLRFuaLIL3kpWH
[Sun Dec 11 18:24:13.650174 2016] [:error] [pid 754] [client 192.168.1.13:41083] PHP Fatal error:  Uncaught Error: Class 'Controllercommontest' not found in /web/sites/opencart.local/www/system/storage/modification/system/engine/action.php:43\nStack trace:\n#0 /web/sites/opencart.local/www/admin/controller/startup/router.php(26): Action->execute(Object(Registry), Array)\n#1 /web/sites/opencart.local/www/system/storage/modification/system/engine/action.php(51): ControllerStartupRouter->index()\n#2 /web/sites/opencart.local/www/system/engine/front.php(34): Action->execute(Object(Registry))\n#3 /web/sites/opencart.local/www/system/engine/front.php(29): Front->execute(Object(Action))\n#4 /web/sites/opencart.local/www/system/framework.php(103): Front->dispatch(Object(Action), Object(Action))\n#5 /web/sites/opencart.local/www/system/startup.php(124): require_once('/web/sites/open...')\n#6 /web/sites/opencart.local/www/admin/index.php(19): start('admin')\n#7 {main}\n  thrown in /web/sites/opencart.local/www/system/storage/modification/system/engine/action.php on line 43
[Sun Dec 11 18:24:22.143753 2016] [:error] [pid 974] [client 192.168.1.13:41084] PHP Fatal error:  Uncaught Error: Class 'Controllercommontest' not found in /web/sites/opencart.local/www/system/storage/modification/system/engine/action.php:43\nStack trace:\n#0 /web/sites/opencart.local/www/admin/controller/startup/router.php(26): Action->execute(Object(Registry), Array)\n#1 /web/sites/opencart.local/www/system/storage/modification/system/engine/action.php(51): ControllerStartupRouter->index()\n#2 /web/sites/opencart.local/www/system/engine/front.php(34): Action->execute(Object(Registry))\n#3 /web/sites/opencart.local/www/system/engine/front.php(29): Front->execute(Object(Action))\n#4 /web/sites/opencart.local/www/system/framework.php(103): Front->dispatch(Object(Action), Object(Action))\n#5 /web/sites/opencart.local/www/system/startup.php(124): require_once('/web/sites/open...')\n#6 /web/sites/opencart.local/www/admin/index.php(19): start('admin')\n#7 {main}\n  thrown in /web/sites/opencart.local/www/system/storage/modification/system/engine/action.php on line 43, referer: http://opencart.local/admin/index.php?route=common/dashboard&token=cTWY9TZxPrdl5OvsWljLRFuaLIL3kpWH
[Sun Dec 11 18:27:21.034175 2016] [:error] [pid 755] [client 192.168.1.13:41090] PHP Fatal error:  Uncaught Error: Class 'Controllercommontest' not found in /web/sites/opencart.local/www/system/storage/modification/system/engine/action.php:43\nStack trace:\n#0 /web/sites/opencart.local/www/admin/controller/startup/router.php(26): Action->execute(Object(Registry), Array)\n#1 /web/sites/opencart.local/www/system/storage/modification/system/engine/action.php(51): ControllerStartupRouter->index()\n#2 /web/sites/opencart.local/www/system/engine/front.php(34): Action->execute(Object(Registry))\n#3 /web/sites/opencart.local/www/system/engine/front.php(29): Front->execute(Object(Action))\n#4 /web/sites/opencart.local/www/system/framework.php(103): Front->dispatch(Object(Action), Object(Action))\n#5 /web/sites/opencart.local/www/system/startup.php(124): require_once('/web/sites/open...')\n#6 /web/sites/opencart.local/www/admin/index.php(19): start('admin')\n#7 {main}\n  thrown in /web/sites/opencart.local/www/system/storage/modification/system/engine/action.php on line 43, referer: http://opencart.local/admin/index.php?route=common/dashboard&token=cTWY9TZxPrdl5OvsWljLRFuaLIL3kpWH
[Sun Dec 11 18:27:52.807371 2016] [:error] [pid 756] [client 192.168.1.13:41094] PHP Parse error:  syntax error, unexpected end of file in /web/sites/opencart.local/www/admin/controller/common/test.php on line 51, referer: http://opencart.local/admin/index.php?route=common/dashboard&token=cTWY9TZxPrdl5OvsWljLRFuaLIL3kpWH
[Sun Dec 11 18:27:59.907423 2016] [:error] [pid 1313] [client 192.168.1.13:41095] PHP Parse error:  syntax error, unexpected end of file in /web/sites/opencart.local/www/admin/controller/common/test.php on line 51, referer: http://opencart.local/admin/index.php?route=common/dashboard&token=cTWY9TZxPrdl5OvsWljLRFuaLIL3kpWH
[Sun Dec 11 18:29:38.118322 2016] [:error] [pid 1343] [client 192.168.1.13:41098] PHP Fatal error:  Uncaught Error: Class 'Controllercommontest' not found in /web/sites/opencart.local/www/system/storage/modification/system/engine/action.php:43\nStack trace:\n#0 /web/sites/opencart.local/www/admin/controller/startup/router.php(26): Action->execute(Object(Registry), Array)\n#1 /web/sites/opencart.local/www/system/storage/modification/system/engine/action.php(51): ControllerStartupRouter->index()\n#2 /web/sites/opencart.local/www/system/engine/front.php(34): Action->execute(Object(Registry))\n#3 /web/sites/opencart.local/www/system/engine/front.php(29): Front->execute(Object(Action))\n#4 /web/sites/opencart.local/www/system/framework.php(103): Front->dispatch(Object(Action), Object(Action))\n#5 /web/sites/opencart.local/www/system/startup.php(124): require_once('/web/sites/open...')\n#6 /web/sites/opencart.local/www/admin/index.php(19): start('admin')\n#7 {main}\n  thrown in /web/sites/opencart.local/www/system/storage/modification/system/engine/action.php on line 43, referer: http://opencart.local/admin/index.php?route=common/dashboard&token=cTWY9TZxPrdl5OvsWljLRFuaLIL3kpWH
[Sun Dec 11 18:29:39.329807 2016] [:error] [pid 973] [client 192.168.1.13:41099] PHP Fatal error:  Uncaught Error: Class 'Controllercommontest' not found in /web/sites/opencart.local/www/system/storage/modification/system/engine/action.php:43\nStack trace:\n#0 /web/sites/opencart.local/www/admin/controller/startup/router.php(26): Action->execute(Object(Registry), Array)\n#1 /web/sites/opencart.local/www/system/storage/modification/system/engine/action.php(51): ControllerStartupRouter->index()\n#2 /web/sites/opencart.local/www/system/engine/front.php(34): Action->execute(Object(Registry))\n#3 /web/sites/opencart.local/www/system/engine/front.php(29): Front->execute(Object(Action))\n#4 /web/sites/opencart.local/www/system/framework.php(103): Front->dispatch(Object(Action), Object(Action))\n#5 /web/sites/opencart.local/www/system/startup.php(124): require_once('/web/sites/open...')\n#6 /web/sites/opencart.local/www/admin/index.php(19): start('admin')\n#7 {main}\n  thrown in /web/sites/opencart.local/www/system/storage/modification/system/engine/action.php on line 43, referer: http://opencart.local/admin/index.php?route=common/dashboard&token=cTWY9TZxPrdl5OvsWljLRFuaLIL3kpWH
[Sun Dec 11 18:30:16.910125 2016] [:error] [pid 754] [client 192.168.1.13:41100] PHP Fatal error:  Uncaught Error: Class 'Controllercommontest' not found in /web/sites/opencart.local/www/system/storage/modification/system/engine/action.php:43\nStack trace:\n#0 /web/sites/opencart.local/www/admin/controller/startup/router.php(26): Action->execute(Object(Registry), Array)\n#1 /web/sites/opencart.local/www/system/storage/modification/system/engine/action.php(51): ControllerStartupRouter->index()\n#2 /web/sites/opencart.local/www/system/engine/front.php(34): Action->execute(Object(Registry))\n#3 /web/sites/opencart.local/www/system/engine/front.php(29): Front->execute(Object(Action))\n#4 /web/sites/opencart.local/www/system/framework.php(103): Front->dispatch(Object(Action), Object(Action))\n#5 /web/sites/opencart.local/www/system/startup.php(124): require_once('/web/sites/open...')\n#6 /web/sites/opencart.local/www/admin/index.php(19): start('admin')\n#7 {main}\n  thrown in /web/sites/opencart.local/www/system/storage/modification/system/engine/action.php on line 43, referer: http://opencart.local/admin/index.php?route=common/dashboard&token=cTWY9TZxPrdl5OvsWljLRFuaLIL3kpWH
[Sun Dec 11 18:32:17.202713 2016] [:error] [pid 1029] [client 192.168.1.13:41103] PHP Fatal error:  Uncaught Error: Class 'Controllercommontest' not found in /web/sites/opencart.local/www/system/storage/modification/system/engine/action.php:43\nStack trace:\n#0 /web/sites/opencart.local/www/admin/controller/startup/router.php(26): Action->execute(Object(Registry), Array)\n#1 /web/sites/opencart.local/www/system/storage/modification/system/engine/action.php(51): ControllerStartupRouter->index()\n#2 /web/sites/opencart.local/www/system/engine/front.php(34): Action->execute(Object(Registry))\n#3 /web/sites/opencart.local/www/system/engine/front.php(29): Front->execute(Object(Action))\n#4 /web/sites/opencart.local/www/system/framework.php(103): Front->dispatch(Object(Action), Object(Action))\n#5 /web/sites/opencart.local/www/system/startup.php(124): require_once('/web/sites/open...')\n#6 /web/sites/opencart.local/www/admin/index.php(19): start('admin')\n#7 {main}\n  thrown in /web/sites/opencart.local/www/system/storage/modification/system/engine/action.php on line 43, referer: http://opencart.local/admin/index.php?route=common/dashboard&token=cTWY9TZxPrdl5OvsWljLRFuaLIL3kpWH
[Sun Dec 11 18:35:17.502372 2016] [:error] [pid 755] [client 192.168.1.13:41107] PHP Parse error:  syntax error, unexpected '\xd0\xbf\xd1\x83\xd0\xbd\xd0\xba\xd1\x82\xd0\xb0' (T_STRING), expecting ')' in /web/sites/opencart.local/www/admin/controller/common/column_left.php on line 40, referer: http://opencart.local/admin/index.php?route=common/dashboard&token=cTWY9TZxPrdl5OvsWljLRFuaLIL3kpWH
[Sun Dec 11 18:35:19.441269 2016] [:error] [pid 756] [client 192.168.1.13:41108] PHP Parse error:  syntax error, unexpected '\xd0\xbf\xd1\x83\xd0\xbd\xd0\xba\xd1\x82\xd0\xb0' (T_STRING), expecting ')' in /web/sites/opencart.local/www/admin/controller/common/column_left.php on line 40, referer: http://opencart.local/admin/index.php?route=common/dashboard&token=cTWY9TZxPrdl5OvsWljLRFuaLIL3kpWH
[Sun Dec 11 18:35:29.261174 2016] [:error] [pid 866] [client 192.168.1.13:41111] PHP Parse error:  syntax error, unexpected '\xd0\xbf\xd1\x83\xd0\xbd\xd0\xba\xd1\x82\xd0\xb0' (T_STRING), expecting ')' in /web/sites/opencart.local/www/admin/controller/common/column_left.php on line 40, referer: http://opencart.local/admin/
[Sun Dec 11 18:36:45.364764 2016] [:error] [pid 1343] [client 192.168.1.13:41127] PHP Parse error:  syntax error, unexpected '\xd0\xbf\xd1\x83\xd0\xbd\xd0\xba\xd1\x82\xd0\xb0' (T_STRING), expecting ')' in /web/sites/opencart.local/www/admin/controller/common/column_left.php on line 41, referer: http://opencart.local/admin/
[Sun Dec 11 18:36:46.945951 2016] [:error] [pid 973] [client 192.168.1.13:41128] PHP Parse error:  syntax error, unexpected '\xd0\xbf\xd1\x83\xd0\xbd\xd0\xba\xd1\x82\xd0\xb0' (T_STRING), expecting ')' in /web/sites/opencart.local/www/admin/controller/common/column_left.php on line 41, referer: http://opencart.local/admin/
[Sun Dec 11 18:37:16.725760 2016] [:error] [pid 974] [client 192.168.1.13:41129] PHP Parse error:  syntax error, unexpected '\xd0\xbf\xd1\x83\xd0\xbd\xd0\xba\xd1\x82\xd0\xb0' (T_STRING), expecting ')' in /web/sites/opencart.local/www/admin/controller/common/column_left.php on line 42, referer: http://opencart.local/admin/
[Sun Dec 11 18:37:17.786419 2016] [:error] [pid 754] [client 192.168.1.13:41130] PHP Parse error:  syntax error, unexpected '\xd0\xbf\xd1\x83\xd0\xbd\xd0\xba\xd1\x82\xd0\xb0' (T_STRING), expecting ')' in /web/sites/opencart.local/www/admin/controller/common/column_left.php on line 42, referer: http://opencart.local/admin/
[Sun Dec 11 18:37:18.768831 2016] [:error] [pid 1029] [client 192.168.1.13:41131] PHP Parse error:  syntax error, unexpected '\xd0\xbf\xd1\x83\xd0\xbd\xd0\xba\xd1\x82\xd0\xb0' (T_STRING), expecting ')' in /web/sites/opencart.local/www/admin/controller/common/column_left.php on line 42, referer: http://opencart.local/admin/
[Sun Dec 11 18:37:34.902659 2016] [:error] [pid 1375] [client 192.168.1.13:41132] PHP Parse error:  syntax error, unexpected '\xd0\xbf\xd1\x83\xd0\xbd\xd0\xba\xd1\x82\xd0\xb0' (T_STRING), expecting ')' in /web/sites/opencart.local/www/admin/controller/common/column_left.php on line 42, referer: http://opencart.local/admin/
[Sun Dec 11 18:37:35.924273 2016] [:error] [pid 755] [client 192.168.1.13:41133] PHP Parse error:  syntax error, unexpected '\xd0\xbf\xd1\x83\xd0\xbd\xd0\xba\xd1\x82\xd0\xb0' (T_STRING), expecting ')' in /web/sites/opencart.local/www/admin/controller/common/column_left.php on line 42, referer: http://opencart.local/admin/
[Sun Dec 11 18:37:59.811497 2016] [:error] [pid 756] [client 192.168.1.13:41134] PHP Fatal error:  Uncaught Error: Class 'Controllercommontest' not found in /web/sites/opencart.local/www/system/storage/modification/system/engine/action.php:43\nStack trace:\n#0 /web/sites/opencart.local/www/admin/controller/startup/router.php(26): Action->execute(Object(Registry), Array)\n#1 /web/sites/opencart.local/www/system/storage/modification/system/engine/action.php(51): ControllerStartupRouter->index()\n#2 /web/sites/opencart.local/www/system/engine/front.php(34): Action->execute(Object(Registry))\n#3 /web/sites/opencart.local/www/system/engine/front.php(29): Front->execute(Object(Action))\n#4 /web/sites/opencart.local/www/system/framework.php(103): Front->dispatch(Object(Action), Object(Action))\n#5 /web/sites/opencart.local/www/system/startup.php(124): require_once('/web/sites/open...')\n#6 /web/sites/opencart.local/www/admin/index.php(19): start('admin')\n#7 {main}\n  thrown in /web/sites/opencart.local/www/system/storage/modification/system/engine/action.php on line 43, referer: http://opencart.local/admin/index.php?route=common/dashboard&token=2ddzxWKdU7d50QuTyzjqrLTHtXHEVWnG
[Sun Dec 11 18:38:34.397496 2016] [:error] [pid 1029] [client 192.168.1.13:41141] PHP Fatal error:  Uncaught Error: Class 'Controllercommontest' not found in /web/sites/opencart.local/www/system/storage/modification/system/engine/action.php:43\nStack trace:\n#0 /web/sites/opencart.local/www/admin/controller/startup/router.php(26): Action->execute(Object(Registry), Array)\n#1 /web/sites/opencart.local/www/system/storage/modification/system/engine/action.php(51): ControllerStartupRouter->index()\n#2 /web/sites/opencart.local/www/system/engine/front.php(34): Action->execute(Object(Registry))\n#3 /web/sites/opencart.local/www/system/engine/front.php(29): Front->execute(Object(Action))\n#4 /web/sites/opencart.local/www/system/framework.php(103): Front->dispatch(Object(Action), Object(Action))\n#5 /web/sites/opencart.local/www/system/startup.php(124): require_once('/web/sites/open...')\n#6 /web/sites/opencart.local/www/admin/index.php(19): start('admin')\n#7 {main}\n  thrown in /web/sites/opencart.local/www/system/storage/modification/system/engine/action.php on line 43, referer: http://opencart.local/admin/index.php?route=common/dashboard&token=2ddzxWKdU7d50QuTyzjqrLTHtXHEVWnG
[Sun Dec 11 19:00:51.466182 2016] [:error] [pid 755] [client 192.168.1.13:41383] PHP Fatal error:  Uncaught Error: Class 'Controllercommontest' not found in /web/sites/opencart.local/www/system/storage/modification/system/engine/action.php:43\nStack trace:\n#0 /web/sites/opencart.local/www/admin/controller/startup/router.php(26): Action->execute(Object(Registry), Array)\n#1 /web/sites/opencart.local/www/system/storage/modification/system/engine/action.php(51): ControllerStartupRouter->index()\n#2 /web/sites/opencart.local/www/system/engine/front.php(34): Action->execute(Object(Registry))\n#3 /web/sites/opencart.local/www/system/engine/front.php(29): Front->execute(Object(Action))\n#4 /web/sites/opencart.local/www/system/framework.php(103): Front->dispatch(Object(Action), Object(Action))\n#5 /web/sites/opencart.local/www/system/startup.php(124): require_once('/web/sites/open...')\n#6 /web/sites/opencart.local/www/admin/index.php(19): start('admin')\n#7 {main}\n  thrown in /web/sites/opencart.local/www/system/storage/modification/system/engine/action.php on line 43, referer: http://opencart.local/admin/index.php?route=common/dashboard&token=2ddzxWKdU7d50QuTyzjqrLTHtXHEVWnG
[Sun Dec 11 19:01:05.159734 2016] [:error] [pid 1375] [client 192.168.1.13:41390] PHP Fatal error:  Uncaught Error: Class 'Controllercommontest' not found in /web/sites/opencart.local/www/system/storage/modification/system/engine/action.php:43\nStack trace:\n#0 /web/sites/opencart.local/www/admin/controller/startup/router.php(26): Action->execute(Object(Registry), Array)\n#1 /web/sites/opencart.local/www/system/storage/modification/system/engine/action.php(51): ControllerStartupRouter->index()\n#2 /web/sites/opencart.local/www/system/engine/front.php(34): Action->execute(Object(Registry))\n#3 /web/sites/opencart.local/www/system/engine/front.php(29): Front->execute(Object(Action))\n#4 /web/sites/opencart.local/www/system/framework.php(103): Front->dispatch(Object(Action), Object(Action))\n#5 /web/sites/opencart.local/www/system/startup.php(124): require_once('/web/sites/open...')\n#6 /web/sites/opencart.local/www/admin/index.php(19): start('admin')\n#7 {main}\n  thrown in /web/sites/opencart.local/www/system/storage/modification/system/engine/action.php on line 43, referer: http://opencart.local/admin/index.php?route=common/dashboard&token=2ddzxWKdU7d50QuTyzjqrLTHtXHEVWnG
[Sun Dec 11 19:01:26.332868 2016] [:error] [pid 1437] [client 192.168.1.13:41391] PHP Fatal error:  Uncaught Error: Class 'Controllercommontest' not found in /web/sites/opencart.local/www/system/storage/modification/system/engine/action.php:43\nStack trace:\n#0 /web/sites/opencart.local/www/admin/controller/startup/router.php(26): Action->execute(Object(Registry), Array)\n#1 /web/sites/opencart.local/www/system/storage/modification/system/engine/action.php(51): ControllerStartupRouter->index()\n#2 /web/sites/opencart.local/www/system/engine/front.php(34): Action->execute(Object(Registry))\n#3 /web/sites/opencart.local/www/system/engine/front.php(29): Front->execute(Object(Action))\n#4 /web/sites/opencart.local/www/system/framework.php(103): Front->dispatch(Object(Action), Object(Action))\n#5 /web/sites/opencart.local/www/system/startup.php(124): require_once('/web/sites/open...')\n#6 /web/sites/opencart.local/www/admin/index.php(19): start('admin')\n#7 {main}\n  thrown in /web/sites/opencart.local/www/system/storage/modification/system/engine/action.php on line 43, referer: http://opencart.local/admin/index.php?route=common/dashboard&token=2ddzxWKdU7d50QuTyzjqrLTHtXHEVWnG
[Sun Dec 11 19:02:49.384673 2016] [:error] [pid 1029] [client 192.168.1.13:41393] PHP Fatal error:  Uncaught Exception: Error: Could not load model common/test! in /web/sites/opencart.local/www/system/storage/modification/system/engine/loader.php:59\nStack trace:\n#0 /web/sites/opencart.local/www/admin/controller/common/test.php(7): Loader->model('common/test')\n#1 /web/sites/opencart.local/www/system/storage/modification/system/engine/action.php(51): ControllerCommonTest->index()\n#2 /web/sites/opencart.local/www/admin/controller/startup/router.php(26): Action->execute(Object(Registry), Array)\n#3 /web/sites/opencart.local/www/system/storage/modification/system/engine/action.php(51): ControllerStartupRouter->index()\n#4 /web/sites/opencart.local/www/system/engine/front.php(34): Action->execute(Object(Registry))\n#5 /web/sites/opencart.local/www/system/engine/front.php(29): Front->execute(Object(Action))\n#6 /web/sites/opencart.local/www/system/framework.php(103): Front->dispatch(Object(Action), Object(Action))\n#7 /web/sites/opencart.local/www/system/startup.php(124): require_once('/web/sites/open...')\n#8 /web/site in /web/sites/opencart.local/www/system/storage/modification/system/engine/loader.php on line 59, referer: http://opencart.local/admin/index.php?route=common/dashboard&token=2ddzxWKdU7d50QuTyzjqrLTHtXHEVWnG
[Sun Dec 11 19:02:50.474229 2016] [:error] [pid 1498] [client 192.168.1.13:41394] PHP Fatal error:  Uncaught Exception: Error: Could not load model common/test! in /web/sites/opencart.local/www/system/storage/modification/system/engine/loader.php:59\nStack trace:\n#0 /web/sites/opencart.local/www/admin/controller/common/test.php(7): Loader->model('common/test')\n#1 /web/sites/opencart.local/www/system/storage/modification/system/engine/action.php(51): ControllerCommonTest->index()\n#2 /web/sites/opencart.local/www/admin/controller/startup/router.php(26): Action->execute(Object(Registry), Array)\n#3 /web/sites/opencart.local/www/system/storage/modification/system/engine/action.php(51): ControllerStartupRouter->index()\n#4 /web/sites/opencart.local/www/system/engine/front.php(34): Action->execute(Object(Registry))\n#5 /web/sites/opencart.local/www/system/engine/front.php(29): Front->execute(Object(Action))\n#6 /web/sites/opencart.local/www/system/framework.php(103): Front->dispatch(Object(Action), Object(Action))\n#7 /web/sites/opencart.local/www/system/startup.php(124): require_once('/web/sites/open...')\n#8 /web/site in /web/sites/opencart.local/www/system/storage/modification/system/engine/loader.php on line 59, referer: http://opencart.local/admin/index.php?route=common/dashboard&token=2ddzxWKdU7d50QuTyzjqrLTHtXHEVWnG
[Sun Dec 11 19:03:22.667302 2016] [:error] [pid 755] [client 192.168.1.13:41395] PHP Fatal error:  Uncaught Exception: Error: Could not load model common/test! in /web/sites/opencart.local/www/system/storage/modification/system/engine/loader.php:59\nStack trace:\n#0 /web/sites/opencart.local/www/admin/controller/common/test.php(7): Loader->model('common/test')\n#1 /web/sites/opencart.local/www/system/storage/modification/system/engine/action.php(51): ControllerCommonTest->index()\n#2 /web/sites/opencart.local/www/admin/controller/startup/router.php(26): Action->execute(Object(Registry), Array)\n#3 /web/sites/opencart.local/www/system/storage/modification/system/engine/action.php(51): ControllerStartupRouter->index()\n#4 /web/sites/opencart.local/www/system/engine/front.php(34): Action->execute(Object(Registry))\n#5 /web/sites/opencart.local/www/system/engine/front.php(29): Front->execute(Object(Action))\n#6 /web/sites/opencart.local/www/system/framework.php(103): Front->dispatch(Object(Action), Object(Action))\n#7 /web/sites/opencart.local/www/system/startup.php(124): require_once('/web/sites/open...')\n#8 /web/site in /web/sites/opencart.local/www/system/storage/modification/system/engine/loader.php on line 59, referer: http://opencart.local/admin/index.php?route=common/dashboard&token=2ddzxWKdU7d50QuTyzjqrLTHtXHEVWnG
[Sun Dec 11 19:16:37.844480 2016] [:error] [pid 1375] [client 192.168.1.13:41420] PHP Parse error:  syntax error, unexpected '}', expecting end of file in /web/sites/opencart.local/www/admin/view/template/common/test.tpl on line 7, referer: http://opencart.local/admin/index.php?route=common/dashboard&token=2ddzxWKdU7d50QuTyzjqrLTHtXHEVWnG
[Sun Dec 11 19:21:52.951510 2016] [:error] [pid 1313] [client 192.168.1.13:41431] PHP Parse error:  syntax error, unexpected '}', expecting end of file in /web/sites/opencart.local/www/admin/view/template/common/test.tpl on line 9, referer: http://opencart.local/admin/index.php?route=common/dashboard&token=2ddzxWKdU7d50QuTyzjqrLTHtXHEVWnG
[Sun Dec 11 19:21:54.150824 2016] [:error] [pid 1375] [client 192.168.1.13:41432] PHP Parse error:  syntax error, unexpected '}', expecting end of file in /web/sites/opencart.local/www/admin/view/template/common/test.tpl on line 9, referer: http://opencart.local/admin/index.php?route=common/dashboard&token=2ddzxWKdU7d50QuTyzjqrLTHtXHEVWnG
[Sun Dec 11 19:46:37.077910 2016] [:error] [pid 1641] [client 192.168.1.13:41534] PHP Fatal error:  Uncaught Error: Call to undefined method Template\\PHP::text() in /web/sites/opencart.local/www/admin/view/template/common/test.tpl:19\nStack trace:\n#0 /web/sites/opencart.local/www/system/storage/modification/system/library/template/php.php(18): require()\n#1 /web/sites/opencart.local/www/system/library/template.php(20): Template\\PHP->render('common/test.tpl')\n#2 /web/sites/opencart.local/www/system/storage/modification/system/engine/loader.php(87): Template->render('common/test.tpl')\n#3 /web/sites/opencart.local/www/admin/controller/common/test.php(43): Loader->view('common/test', Array)\n#4 /web/sites/opencart.local/www/system/storage/modification/system/engine/action.php(51): ControllerCommonTest->index()\n#5 /web/sites/opencart.local/www/admin/controller/startup/router.php(26): Action->execute(Object(Registry), Array)\n#6 /web/sites/opencart.local/www/system/storage/modification/system/engine/action.php(51): ControllerStartupRouter->index()\n#7 /web/sites/opencart.local/www/system/engine/front.php(34): Action-> in /web/sites/opencart.local/www/admin/view/template/common/test.tpl on line 19, referer: http://opencart.local/admin/index.php?route=common/test&token=2ddzxWKdU7d50QuTyzjqrLTHtXHEVWnG
[Sun Dec 11 19:46:39.866297 2016] [:error] [pid 755] [client 192.168.1.13:41539] PHP Fatal error:  Uncaught Error: Call to undefined method Template\\PHP::text() in /web/sites/opencart.local/www/admin/view/template/common/test.tpl:19\nStack trace:\n#0 /web/sites/opencart.local/www/system/storage/modification/system/library/template/php.php(18): require()\n#1 /web/sites/opencart.local/www/system/library/template.php(20): Template\\PHP->render('common/test.tpl')\n#2 /web/sites/opencart.local/www/system/storage/modification/system/engine/loader.php(87): Template->render('common/test.tpl')\n#3 /web/sites/opencart.local/www/admin/controller/common/test.php(43): Loader->view('common/test', Array)\n#4 /web/sites/opencart.local/www/system/storage/modification/system/engine/action.php(51): ControllerCommonTest->index()\n#5 /web/sites/opencart.local/www/admin/controller/startup/router.php(26): Action->execute(Object(Registry), Array)\n#6 /web/sites/opencart.local/www/system/storage/modification/system/engine/action.php(51): ControllerStartupRouter->index()\n#7 /web/sites/opencart.local/www/system/engine/front.php(34): Action-> in /web/sites/opencart.local/www/admin/view/template/common/test.tpl on line 19, referer: http://opencart.local/admin/index.php?route=common/test&token=2ddzxWKdU7d50QuTyzjqrLTHtXHEVWnG
[Sun Dec 11 19:47:27.104187 2016] [:error] [pid 866] [client 192.168.1.13:41542] PHP Fatal error:  Uncaught Error: Call to undefined method Template\\PHP::text() in /web/sites/opencart.local/www/admin/view/template/common/test.tpl:19\nStack trace:\n#0 /web/sites/opencart.local/www/system/storage/modification/system/library/template/php.php(18): require()\n#1 /web/sites/opencart.local/www/system/library/template.php(20): Template\\PHP->render('common/test.tpl')\n#2 /web/sites/opencart.local/www/system/storage/modification/system/engine/loader.php(87): Template->render('common/test.tpl')\n#3 /web/sites/opencart.local/www/admin/controller/common/test.php(43): Loader->view('common/test', Array)\n#4 /web/sites/opencart.local/www/system/storage/modification/system/engine/action.php(51): ControllerCommonTest->index()\n#5 /web/sites/opencart.local/www/admin/controller/startup/router.php(26): Action->execute(Object(Registry), Array)\n#6 /web/sites/opencart.local/www/system/storage/modification/system/engine/action.php(51): ControllerStartupRouter->index()\n#7 /web/sites/opencart.local/www/system/engine/front.php(34): Action-> in /web/sites/opencart.local/www/admin/view/template/common/test.tpl on line 19, referer: http://opencart.local/admin/index.php?route=common/test&token=2ddzxWKdU7d50QuTyzjqrLTHtXHEVWnG
[Sun Dec 11 20:09:10.298421 2016] [:error] [pid 1653] [client 192.168.1.13:41642] PHP Parse error:  syntax error, unexpected '}', expecting ')' in /web/sites/opencart.local/www/admin/controller/common/test.php on line 46
[Sun Dec 11 20:09:58.898847 2016] [:error] [pid 1663] [client 192.168.1.13:41643] PHP Parse error:  syntax error, unexpected '}', expecting ')' in /web/sites/opencart.local/www/admin/controller/common/test.php on line 46
[Sun Dec 11 20:10:14.172255 2016] [:error] [pid 1657] [client 192.168.1.13:41644] PHP Parse error:  syntax error, unexpected '}', expecting ')' in /web/sites/opencart.local/www/admin/controller/common/test.php on line 45
[Sun Dec 11 20:10:29.858453 2016] [:error] [pid 1647] [client 192.168.1.13:41648] PHP Parse error:  syntax error, unexpected '}', expecting ')' in /web/sites/opencart.local/www/admin/controller/common/test.php on line 45, referer: http://opencart.local/admin/index.php?route=catalog/product&token=2ddzxWKdU7d50QuTyzjqrLTHtXHEVWnG
[Mon Dec 12 00:18:08.105918 2016] [:error] [pid 2112] [client 192.168.1.13:43226] PHP Parse error:  syntax error, unexpected 'public' (T_PUBLIC), expecting ',' or ';' in /web/sites/opencart.local/www/admin/controller/common/test.php on line 12, referer: http://opencart.local/admin/index.php?route=common/test&token=2ddzxWKdU7d50QuTyzjqrLTHtXHEVWnG
[Mon Dec 12 00:18:25.395389 2016] [:error] [pid 2113] [client 192.168.1.13:43227] PHP Parse error:  syntax error, unexpected 'public' (T_PUBLIC), expecting ',' or ';' in /web/sites/opencart.local/www/admin/controller/common/test.php on line 12, referer: http://opencart.local/admin/index.php?route=common/test&token=2ddzxWKdU7d50QuTyzjqrLTHtXHEVWnG
[Mon Dec 12 00:18:44.312356 2016] [:error] [pid 2114] [client 192.168.1.13:43228] PHP Parse error:  syntax error, unexpected 'public' (T_PUBLIC), expecting ',' or ';' in /web/sites/opencart.local/www/admin/controller/common/test.php on line 12, referer: http://opencart.local/admin/index.php?route=common/test&token=2ddzxWKdU7d50QuTyzjqrLTHtXHEVWnG
[Mon Dec 12 00:19:00.207216 2016] [:error] [pid 1661] [client 192.168.1.13:43229] PHP Parse error:  syntax error, unexpected 'public' (T_PUBLIC), expecting ',' or ';' in /web/sites/opencart.local/www/admin/controller/common/test.php on line 12, referer: http://opencart.local/admin/index.php?route=common/test&token=2ddzxWKdU7d50QuTyzjqrLTHtXHEVWnG
[Mon Dec 12 00:19:15.345509 2016] [:error] [pid 1647] [client 192.168.1.13:43230] PHP Parse error:  syntax error, unexpected end of file, expecting function (T_FUNCTION) in /web/sites/opencart.local/www/admin/controller/common/test.php on line 126, referer: http://opencart.local/admin/index.php?route=common/test&token=2ddzxWKdU7d50QuTyzjqrLTHtXHEVWnG
[Mon Dec 12 00:19:16.258193 2016] [:error] [pid 1742] [client 192.168.1.13:43231] PHP Parse error:  syntax error, unexpected end of file, expecting function (T_FUNCTION) in /web/sites/opencart.local/www/admin/controller/common/test.php on line 126, referer: http://opencart.local/admin/index.php?route=common/test&token=2ddzxWKdU7d50QuTyzjqrLTHtXHEVWnG
[Mon Dec 12 00:19:45.164926 2016] [:error] [pid 755] [client 192.168.1.13:43232] PHP Parse error:  syntax error, unexpected end of file, expecting function (T_FUNCTION) in /web/sites/opencart.local/www/admin/controller/common/test.php on line 126, referer: http://opencart.local/admin/index.php?route=common/test&token=2ddzxWKdU7d50QuTyzjqrLTHtXHEVWnG
